<?xml version="1.0" encoding="UTF-8"?>
<!-- Generated by org.testng.reporters.JUnitReportReporter -->
<testsuite hostname="PREETHI" failures="0" tests="1" name="TeamRCB" time="1.141" errors="0" timestamp="2022-08-01T14:00:15 IST" skipped="0">
  <testcase classname="TeamRCB" name="countOfForeigners" time="1.141"/>
  <system-out/>
</testsuite> <!-- TeamRCB -->
