<?xml version="1.0" encoding="UTF-8"?>
<!-- Generated by org.testng.reporters.JUnitReportReporter -->
<testsuite hostname="PREETHI" failures="0" tests="2" name="APITest.TeamRCB" time="0.156" errors="0" timestamp="2022-08-01T14:49:48 IST" skipped="0">
  <testcase classname="APITest.TeamRCB" name="TC2_VerifyIfTeamHasAtleastOneWicketKeeper" time="0.047"/>
  <system-out/>
  <testcase classname="APITest.TeamRCB" name="TC1_VerifyIflimitOfForeignersIsNotMoreThan4" time="0.109"/>
  <system-out/>
</testsuite> <!-- APITest.TeamRCB -->
