<?xml version="1.0" encoding="UTF-8"?>
<!-- Generated by org.testng.reporters.JUnitReportReporter -->
<testsuite hostname="PREETHI" failures="0" tests="1" name="RegressionTest.FinancingNeeds" time="1.547" errors="0" timestamp="2021-03-09T16:57:14 IST" skipped="0">
  <testcase classname="RegressionTest.FinancingNeeds" name="test_ResponseHeaderData_ShouldBeCorrect" time="1.547"/>
  <system-out/>
</testsuite> <!-- RegressionTest.FinancingNeeds -->
